<PropertyList>
 <path>skawk.ac</path>

<animation>
  <type>textranslate</type>
  <object-name>d1</object-name>
  <property>systems/kurs_mp/pu_2/f1</property>
  <factor>1.0</factor>

  <interpolation>
    <entry><ind>1</ind>	<dep>0.0</dep></entry>    
    <entry><ind>2</ind>	<dep>0.1</dep></entry>    
    <entry><ind>3</ind>	<dep>0.2</dep></entry>    
    <entry><ind>4</ind>	<dep>0.30</dep></entry>    
    <entry><ind>5</ind>	<dep>0.40</dep></entry>   
    <entry><ind>6</ind>	<dep>0.50</dep></entry>    
    <entry><ind>7</ind>	<dep>0.60</dep></entry>    
    <entry><ind>8</ind>	<dep>0.70</dep></entry>   
    <entry><ind>9</ind>	<dep>0.80</dep></entry>   
    <entry><ind>10</ind> <dep>0.90</dep></entry>  
  </interpolation>
  <axis>
   <x>0</x>
   <y>-1</y>
   <z>0</z>
  </axis>
 </animation>


<animation>
  <type>pick</type> 
  <object-name>r1</object-name> 
- <action>
  <button>3</button> 
  <repeatable>true/</repeatable> 
  <interval-sec>0.2</interval-sec>
- <binding>
  <command>property-adjust</command> 
  <property>systems/kurs_mp/pu_2/f1</property>
  <step>1</step>
  <min>1</min>
  <max>10</max> 
   </binding>
  </action>
  </animation>
  
  
  <animation>
  <type>pick</type> 
  <object-name>r1</object-name> 
- <action>
  <button>4</button> 
  <repeatable>true/</repeatable> 
  <interval-sec>0.2</interval-sec>
- <binding>
  <command>property-adjust</command> 
  <property>systems/kurs_mp/pu_2/f1</property>
  <step>-1</step>
  <min>1</min>
  <max>10</max> 
   </binding>
  </action>
  </animation>
  
  


<animation>
	<type>material</type>
	<object-name>d1</object-name>
	<object-name>d2</object-name>
	<emission>
		<red>0.9</red>
		<green>0.9</green>
		<blue>0.9</blue>
		<factor-prop>systems/kurs_mp/pu_2/servis</factor-prop>
	</emission>
</animation>


 

 </PropertyList>

